<?xml version="1.0" encoding="UTF-8"?>
<testsuite xmlns:xsi="http://www.w3.org/2001/XMLSchema-instance" xsi:noNamespaceSchemaLocation="https://maven.apache.org/surefire/maven-surefire-plugin/xsd/surefire-test-report-3.0.xsd" version="3.0" name="me.m41k0n.infra.CryptoUtilsTest" time="1.173" tests="2" errors="0" skipped="0" failures="0">
  <properties>
[...]
</properties>
  <testcase name="testMessageWithTimestamp" classname="me.m41k0n.infra.CryptoUtilsTest" time="1.121"/>
  <testcase name="testKeyPairGenerationAndSignVerify" classname="me.m41k0n.infra.CryptoUtilsTest" time="0.007"/>
</testsuite>